

times in msec
 clock   self+sourced   self:  sourced script
 clock   elapsed:              other lines

000.019  000.019: --- NVIM STARTING ---
000.223  000.204: event init
000.359  000.136: early init
000.429  000.070: locale set
000.485  000.056: init first window
000.836  000.351: inits 1
000.854  000.018: window checked
000.858  000.004: parsing arguments
001.478  000.075  000.075: require('vim.shared')
001.616  000.060  000.060: require('vim._options')
001.621  000.137  000.077: require('vim._editor')
001.624  000.271  000.058: require('vim._init_packages')
001.634  000.504: init lua interpreter
001.719  000.085: expanding arguments
001.774  000.055: inits 2
002.105  000.331: init highlight
002.108  000.003: waiting for UI
002.879  000.771: done waiting for UI
002.919  000.039: clear screen
003.085  000.167: init default mappings & autocommands
003.567  000.074  000.074: sourcing /usr/share/nvim/runtime/ftplugin.vim
003.646  000.033  000.033: sourcing /usr/share/nvim/runtime/indent.vim
003.748  000.015  000.015: sourcing /usr/share/nvim/archlinux.vim
003.755  000.056  000.041: sourcing /etc/xdg/nvim/sysinit.vim
004.875  000.517  000.517: require('lazy')
004.930  000.030  000.030: require('ffi')
004.999  000.062  000.062: require('vim.loader')
005.088  000.041  000.041: require('vim.fs')
005.327  000.301  000.260: require('lazy.stats')
005.647  000.289  000.289: require('lazy.core.util')
005.903  000.251  000.251: require('lazy.core.config')
006.095  000.074  000.074: require('lazy.core.handler')
006.281  000.182  000.182: require('lazy.core.plugin')
006.292  000.384  000.128: require('lazy.core.loader')
006.910  000.268  000.268: require('nvarch.modules.navigation')
007.196  000.108  000.108: require('nvarch.modules.cosmetics.dashboard')
007.410  000.160  000.160: require('nvarch.modules.cosmetics.lualine')
007.519  000.091  000.091: require('nvarch.modules.cosmetics.theme')
007.818  000.123  000.123: require('nvarch.utility.debug')
007.980  000.130  000.130: require('nvarch.utility.git')
008.153  000.110  000.110: require('nvarch.utility.lsp')
008.304  000.091  000.091: require('nvarch.utility.none-ls')
008.708  000.288  000.288: require('nvarch.utility.lang.markdown')
009.447  000.221  000.221: require('lazy.core.handler.event')
009.711  000.256  000.256: require('lazy.core.handler.cmd')
009.967  000.250  000.250: require('lazy.core.handler.ft')
010.209  000.235  000.235: require('lazy.core.handler.keys')
010.330  000.050  000.050: require('vim.inspect')
010.935  000.346  000.346: sourcing /usr/share/nvim/runtime/filetype.lua
012.586  000.701  000.701: require('gruvbox')
012.675  000.081  000.081: require('vim.version')
016.032  004.231  003.449: sourcing /home/mitzsou/.local/share/nvim/lazy/gruvbox.nvim/colors/gruvbox.lua
017.580  000.042  000.042: sourcing /home/mitzsou/.local/share/nvim/lazy/plenary.nvim/plugin/plenary.vim
017.964  000.010  000.010: require('vim.keymap')
018.021  000.329  000.318: sourcing /home/mitzsou/.local/share/nvim/lazy/telescope.nvim/plugin/telescope.lua
018.505  000.071  000.071: require('telescope._extensions')
018.512  000.457  000.386: require('telescope')
018.577  000.060  000.060: require('telescope.themes')
018.958  000.101  000.101: require('plenary.bit')
019.022  000.058  000.058: require('plenary.functional')
019.068  000.308  000.149: require('plenary.path')
019.095  000.390  000.082: require('plenary.strings')
019.158  000.059  000.059: require('telescope.deprecated')
019.623  000.012  000.012: require('vim.F')
019.660  000.222  000.211: require('plenary.log')
019.692  000.301  000.079: require('telescope.log')
020.026  000.161  000.161: require('plenary.job')
020.120  000.088  000.088: require('telescope.state')
020.134  000.438  000.190: require('telescope.utils')
020.143  000.981  000.242: require('telescope.sorters')
022.208  003.618  002.188: require('telescope.config')
023.730  000.267  000.267: require('telescope.builtin')
023.921  000.155  000.155: require('telescope._extensions.ui-select')
025.232  000.050  000.050: require('plenary.tbl')
025.240  000.131  000.080: require('plenary.vararg.rotate')
025.281  000.257  000.126: require('plenary.vararg')
025.339  000.053  000.053: require('plenary.errors')
025.346  000.407  000.097: require('plenary.async.async')
025.560  000.051  000.051: require('plenary.async.structs')
025.570  000.117  000.066: require('plenary.async.control')
025.579  000.179  000.063: require('plenary.async.util')
025.584  000.234  000.054: require('plenary.async.tests')
025.588  001.258  000.617: require('plenary.async')
025.776  000.064  000.064: require('plenary.window.border')
025.833  000.053  000.053: require('plenary.window')
025.883  000.046  000.046: require('plenary.popup.utils')
025.889  000.298  000.135: require('plenary.popup')
026.087  000.055  000.055: require('telescope.pickers.scroller')
026.141  000.050  000.050: require('telescope.actions.state')
026.193  000.048  000.048: require('telescope.actions.utils')
026.309  000.053  000.053: require('telescope.actions.mt')
026.337  000.140  000.087: require('telescope.actions.set')
026.442  000.052  000.052: require('telescope.config.resolve')
026.448  000.108  000.056: require('telescope.pickers.entry_display')
026.501  000.049  000.049: require('telescope.from_entry')
026.802  000.909  000.460: require('telescope.actions')
026.879  000.071  000.071: require('telescope.debounce')
026.973  000.090  000.090: require('telescope.mappings')
027.064  000.086  000.086: require('telescope.pickers.highlights')
027.126  000.057  000.057: require('telescope.pickers.window')
027.176  000.046  000.046: require('telescope.pickers.layout')
027.277  000.048  000.048: require('telescope.algos.linked_list')
027.283  000.103  000.055: require('telescope.entry_manager')
027.345  000.058  000.058: require('telescope.pickers.multi')
027.370  003.441  000.464: require('telescope.pickers')
027.712  000.262  000.262: require('telescope.make_entry')
027.796  000.079  000.079: require('telescope.finders.async_static_finder')
028.068  000.069  000.069: require('plenary.class')
028.090  000.213  000.144: require('telescope._')
028.094  000.294  000.081: require('telescope.finders.async_oneshot_finder')
028.173  000.075  000.075: require('telescope.finders.async_job_finder')
028.188  000.815  000.105: require('telescope.finders')
028.277  000.077  000.077: require('vim.ui')
028.302  012.183  002.922: require('telescope')
031.656  000.691  000.691: require('vim.lsp.log')
032.575  000.912  000.912: require('vim.lsp.protocol')
032.890  000.129  000.129: require('vim.lsp._snippet')
032.959  000.063  000.063: require('vim.highlight')
032.982  000.401  000.209: require('vim.lsp.util')
033.001  002.296  000.293: require('vim.lsp.handlers')
033.103  000.098  000.098: require('vim.lsp.rpc')
033.164  000.055  000.055: require('vim.lsp.sync')
033.251  000.083  000.083: require('vim.lsp.semantic_tokens')
033.343  000.088  000.088: require('vim.lsp.buf')
033.435  000.087  000.087: require('vim.lsp.diagnostic')
033.501  000.061  000.061: require('vim.lsp.codelens')
033.600  003.264  000.497: require('vim.lsp')
033.647  003.424  000.160: sourcing /home/mitzsou/.local/share/nvim/lazy/nvim-lspconfig/plugin/lspconfig.lua
034.434  000.155  000.155: require('lspconfig.util')
034.528  000.087  000.087: require('lspconfig.async')
034.534  000.328  000.086: require('lspconfig.configs')
034.539  000.812  000.484: require('lspconfig')
034.602  000.058  000.058: require('lspconfig.server_configurations.lua_ls')
034.877  000.080  000.080: require('lspconfig.manager')
036.869  001.224  001.224: require('vim.filetype')
037.962  000.062  000.062: require('luasnip.util.types')
037.971  000.160  000.098: require('luasnip.util.ext_opts')
038.267  000.088  000.088: require('luasnip.util.lazy_table')
038.353  000.071  000.071: require('luasnip.extras.filetype_functions')
038.377  000.327  000.168: require('luasnip.default_config')
038.382  000.408  000.081: require('luasnip.session')
038.390  001.174  000.606: require('luasnip.config')
038.665  000.111  000.111: require('luasnip.util.util')
038.840  000.071  000.071: require('luasnip.nodes.key_indexer')
038.865  000.195  000.124: require('luasnip.nodes.util')
039.144  000.123  000.123: require('luasnip.session.snippet_collection.source')
039.227  000.077  000.077: require('luasnip.util.table')
039.314  000.083  000.083: require('luasnip.util.auto_table')
039.332  000.436  000.152: require('luasnip.session.snippet_collection')
039.663  000.097  000.097: require('luasnip.util.select')
039.742  000.074  000.074: require('luasnip.util.time')
040.281  000.837  000.665: require('luasnip.util._builtin_vars')
040.434  001.099  000.263: require('luasnip.util.environ')
040.538  000.099  000.099: require('luasnip.util.extend_decorator')
040.809  000.156  000.156: require('luasnip.util.path')
041.082  000.154  000.154: require('luasnip.util.log')
041.093  000.279  000.125: require('luasnip.loaders.util')
041.182  000.085  000.085: require('luasnip.loaders.data')
041.408  000.222  000.222: require('luasnip.loaders.fs_watchers')
041.417  000.873  000.130: require('luasnip.loaders')
041.461  003.064  000.250: require('luasnip')
041.535  005.950  000.489: sourcing /home/mitzsou/.local/share/nvim/lazy/LuaSnip/plugin/luasnip.lua
041.680  000.040  000.040: sourcing /home/mitzsou/.local/share/nvim/lazy/LuaSnip/plugin/luasnip.vim
044.164  000.094  000.094: require('mason-core.path')
044.494  000.213  000.213: require('mason-core.functional')
044.701  000.086  000.086: require('mason-core.functional.data')
044.719  000.199  000.113: require('mason-core.functional.function')
044.821  000.082  000.082: require('mason-core.functional.relation')
044.914  000.081  000.081: require('mason-core.functional.logic')
044.942  000.771  000.196: require('mason-core.platform')
045.057  000.112  000.112: require('mason.settings')
045.063  001.503  000.527: require('mason')
045.384  000.164  000.164: require('mason-core.functional.list')
045.500  000.108  000.108: require('mason-core.functional.string')
045.536  000.451  000.179: require('mason.api.command')
045.776  000.230  000.230: require('mason-registry.sources')
045.809  003.410  001.226: require('mason-core.functional')
046.121  000.309  000.309: require('mason-core.log')
046.260  000.133  000.133: require('mason-lspconfig.settings')
046.273  004.466  000.613: require('mason-lspconfig')
046.630  000.183  000.183: require('mason-lspconfig.notify')
046.638  000.339  000.156: require('mason-lspconfig.lspconfig_hook')
047.347  000.473  000.473: require('mason-core.functional.table')
047.411  000.769  000.296: require('mason-lspconfig.mappings.server')
047.820  000.190  000.190: require('mason-core.EventEmitter')
047.898  000.073  000.073: require('mason-core.optional')
048.035  000.069  000.069: require('mason-core.async')
048.094  000.050  000.050: require('mason-core.async.uv')
048.102  000.200  000.080: require('mason-core.fs')
048.130  000.716  000.253: require('mason-registry')
048.194  000.059  000.059: require('mason-lspconfig.server_config_extensions')
048.266  000.068  000.068: require('lspconfig.server_configurations.omnisharp')
048.407  000.069  000.069: require('mason-lspconfig.ensure_installed')
048.555  000.064  000.064: require('mason-core.result')
048.777  000.096  000.096: require('mason-core.process')
048.877  000.095  000.095: require('mason-core.spawn')
048.884  000.264  000.072: require('mason-core.managers.powershell')
048.937  000.049  000.049: require('mason.version')
048.942  000.383  000.070: require('mason-core.fetch')
049.002  000.056  000.056: require('mason-core.providers')
049.260  000.127  000.127: require('mason-core.purl')
049.276  000.220  000.092: require('mason-core.package')
049.489  000.065  000.065: require('mason-core.installer.registry.expr')
049.504  000.150  000.086: require('mason-core.installer.registry.link')
049.844  000.077  000.077: require('mason-core.receipt')
049.871  000.171  000.094: require('mason-core.installer.context')
049.936  000.060  000.060: require('mason-core.async.control')
050.000  000.060  000.060: require('mason-core.installer.linker')
050.008  000.377  000.085: require('mason-core.installer')
050.028  000.464  000.086: require('mason-core.installer.managers.std')
050.055  000.547  000.083: require('mason-core.installer.registry.schemas')
050.117  000.058  000.058: require('mason-core.installer.registry.util')
050.130  000.849  000.094: require('mason-core.installer.registry')
050.134  001.128  000.059: require('mason-registry.sources.util')
050.147  001.728  000.097: require('mason-registry.sources.github')
056.512  000.053  000.053: require('mason-core.functional.number')
056.548  000.169  000.116: require('mason-lspconfig.api.command')
057.890  001.128  001.128: sourcing /home/mitzsou/.local/share/nvim/lazy/vim-fugitive/plugin/fugitive.vim
057.996  000.014  000.014: sourcing /home/mitzsou/.local/share/nvim/lazy/vim-fugitive/ftdetect/fugitive.vim
059.082  000.110  000.110: sourcing /home/mitzsou/.local/share/nvim/lazy/nvim-dap/plugin/dap.lua
059.884  000.073  000.073: require('dap.utils')
059.913  000.407  000.334: require('dap')
060.101  000.053  000.053: require('dapui.async.tasks')
060.157  000.051  000.051: require('dapui.async.control')
060.413  000.252  000.252: require('dapui.async.uv')
060.493  000.066  000.066: require('dapui.async.tests')
060.546  000.048  000.048: require('dapui.async.ui')
060.639  000.089  000.089: require('dapui.async.lsp')
060.652  000.661  000.101: require('dapui.async')
061.128  000.109  000.109: require('dapui.config.highlights')
061.326  000.572  000.463: require('dapui.config')
061.340  000.685  000.113: require('dapui.util')
061.456  000.111  000.111: require('dapui.windows.layout')
061.463  001.545  000.089: require('dapui.windows')
061.545  000.078  000.078: require('dapui.controls')
061.558  002.444  000.414: require('dapui')
062.058  000.110  000.110: require('dapui.logging')
062.191  000.126  000.126: require('dapui.client.types')
062.198  000.359  000.122: require('dapui.client')
062.281  000.080  000.080: require('dap.breakpoints')
062.366  000.071  000.071: require('dapui.client.lib')
062.522  000.082  000.082: require('dapui.render.canvas')
062.527  000.149  000.066: require('dapui.elements.breakpoints')
062.632  000.084  000.084: require('dapui.components.breakpoints')
062.761  000.082  000.082: require('dapui.elements.repl')
062.833  000.065  000.065: require('dapui.elements.scopes')
062.907  000.057  000.057: require('dapui.components.scopes')
063.004  000.092  000.092: require('dapui.components.variables')
063.083  000.061  000.061: require('dapui.elements.stacks')
063.230  000.061  000.061: require('dapui.components.frames')
063.235  000.136  000.076: require('dapui.components.threads')
063.323  000.065  000.065: require('dapui.elements.watches')
063.407  000.070  000.070: require('dapui.components.watches')
063.486  000.058  000.058: require('dapui.elements.hover')
063.568  000.066  000.066: require('dapui.components.hover')
063.652  000.077  000.077: require('dapui.elements.console')
064.056  000.075  000.075: require('dap-go-ts')
064.068  000.187  000.112: require('dap-go')
064.920  000.115  000.115: require('null-ls.utils')
065.205  000.277  000.277: require('vim.diagnostic')
065.274  000.554  000.162: require('null-ls.config')
065.408  000.057  000.057: require('null-ls.helpers.cache')
065.498  000.086  000.086: require('null-ls.helpers.diagnostics')
065.564  000.061  000.061: require('null-ls.helpers.formatter_factory')
065.746  000.066  000.066: require('null-ls.logger')
065.871  000.120  000.120: require('null-ls.state')
065.877  000.309  000.123: require('null-ls.helpers.generator_factory')
066.029  000.073  000.073: require('null-ls.helpers.command_resolver')
066.034  000.153  000.080: require('null-ls.helpers.make_builtin')
066.101  000.061  000.061: require('null-ls.helpers.range_formatting_args_factory')
066.106  000.827  000.101: require('null-ls.helpers')
066.449  000.152  000.152: require('null-ls.methods')
066.457  000.230  000.078: require('null-ls.diagnostics')
066.469  000.360  000.129: require('null-ls.sources')
066.560  000.086  000.086: require('null-ls.builtins')
066.566  002.367  000.540: require('null-ls')
066.798  000.228  000.228: require('null-ls.builtins.formatting.stylua')
066.989  000.183  000.183: require('null-ls.builtins.formatting.prettier')
067.214  000.172  000.172: require('null-ls.builtins.diagnostics.erb_lint')
067.561  000.252  000.252: require('null-ls.builtins.diagnostics.eslint')
067.700  000.478  000.226: require('null-ls.builtins.diagnostics.eslint_d')
067.854  000.148  000.148: require('null-ls.builtins.diagnostics.rubocop')
068.028  000.167  000.167: require('null-ls.builtins.formatting.rubocop')
068.749  000.192  000.192: require('null-ls.client')
069.587  000.526  000.526: require('cmp.utils.api')
069.764  000.089  000.089: require('cmp.types.cmp')
069.980  000.094  000.094: require('cmp.utils.misc')
070.010  000.240  000.146: require('cmp.types.lsp')
070.094  000.080  000.080: require('cmp.types.vim')
070.100  000.506  000.097: require('cmp.types')
070.194  000.091  000.091: require('cmp.utils.highlight')
070.392  000.108  000.108: require('cmp.utils.debug')
070.416  000.217  000.109: require('cmp.utils.autocmd')
070.908  001.963  000.623: sourcing /home/mitzsou/.local/share/nvim/lazy/nvim-cmp/plugin/cmp.lua
071.680  000.176  000.176: require('cmp.utils.char')
071.693  000.364  000.188: require('cmp.utils.str')
072.059  000.110  000.110: require('cmp.utils.buffer')
072.467  000.660  000.551: require('cmp.utils.keymap')
072.475  000.777  000.117: require('cmp.utils.feedkeys')
072.922  000.172  000.172: require('cmp.config.mapping')
073.012  000.085  000.085: require('cmp.utils.cache')
073.313  000.173  000.173: require('cmp.config.compare')
073.318  000.299  000.126: require('cmp.config.default')
073.349  000.752  000.195: require('cmp.config')
073.371  000.893  000.141: require('cmp.utils.async')
073.552  000.087  000.087: require('cmp.utils.pattern')
073.564  000.189  000.102: require('cmp.context')
074.125  000.158  000.158: require('cmp.matcher')
074.145  000.376  000.217: require('cmp.entry')
074.159  000.592  000.216: require('cmp.source')
074.403  000.113  000.113: require('cmp.utils.event')
074.797  000.130  000.130: require('cmp.utils.options')
074.809  000.289  000.160: require('cmp.utils.window')
074.814  000.406  000.117: require('cmp.view.docs_view')
075.019  000.202  000.202: require('cmp.view.custom_entries_view')
075.202  000.178  000.178: require('cmp.view.wildmenu_entries_view')
075.342  000.136  000.136: require('cmp.view.native_entries_view')
075.487  000.140  000.140: require('cmp.view.ghost_text_view')
075.508  001.346  000.170: require('cmp.view')
076.145  005.032  000.871: require('cmp.core')
076.460  000.095  000.095: require('cmp.config.sources')
076.548  000.082  000.082: require('cmp.config.window')
076.643  005.692  000.483: require('cmp')
076.922  000.111  000.111: require('luasnip.session.enqueueable_operations')
077.488  000.560  000.560: require('luasnip.util.jsonc')
080.190  000.525  000.525: require('luasnip.util.events')
080.222  001.746  001.220: require('luasnip.nodes.node')
080.999  000.772  000.772: require('luasnip.nodes.insertNode')
081.284  000.279  000.279: require('luasnip.nodes.textNode')
081.370  000.080  000.080: require('luasnip.util.mark')
081.464  000.090  000.090: require('luasnip.util.pattern_tokenizer')
081.525  000.056  000.056: require('luasnip.util.dict')
082.080  000.494  000.494: require('luasnip.util.jsregexp')
082.088  000.558  000.064: require('luasnip.nodes.util.trig_engines')
082.140  004.200  000.620: require('luasnip.nodes.snippet')
082.146  004.400  000.200: require('luasnip.nodes.duplicate')
082.150  004.644  000.244: require('luasnip.loaders.snippet_cache')
082.163  005.516  000.200: require('luasnip.loaders.from_vscode')
086.693  000.061  000.061: require('luasnip.util.parser.neovim_ast')
086.758  000.058  000.058: require('luasnip.util.str')
087.114  000.350  000.350: require('luasnip.util.jsregexp')
087.229  000.109  000.109: require('luasnip.util.directed_graph')
087.238  000.677  000.100: require('luasnip.util.parser.ast_utils')
087.326  000.084  000.084: require('luasnip.nodes.functionNode')
087.429  000.098  000.098: require('luasnip.nodes.choiceNode')
087.551  000.118  000.118: require('luasnip.nodes.dynamicNode')
087.653  000.063  000.063: require('luasnip.util.functions')
087.663  001.170  000.131: require('luasnip.util.parser.ast_parser')
087.775  000.109  000.109: require('luasnip.util.parser.neovim_parser')
087.784  001.362  000.082: require('luasnip.util.parser')
087.790  001.443  000.081: require('luasnip.nodes.snippetProxy')
087.854  000.059  000.059: require('luasnip.nodes.multiSnippet')
091.861  000.074  000.074: require('lualine_require')
092.220  000.926  000.852: require('lualine')
094.574  000.073  000.073: require('lualine.utils.mode')
097.906  000.077  000.077: require('nvim-treesitter.utils')
098.533  000.051  000.051: require('vim.treesitter.language')
098.545  000.134  000.083: require('vim.treesitter.query')
098.599  000.049  000.049: require('vim.treesitter._range')
098.609  000.278  000.094: require('vim.treesitter.languagetree')
098.618  000.367  000.089: require('vim.treesitter')
099.065  001.152  000.785: require('nvim-treesitter.parsers')
099.461  000.063  000.063: require('nvim-treesitter.compat')
099.650  000.113  000.113: require('nvim-treesitter.ts_utils')
099.662  000.196  000.083: require('nvim-treesitter.tsrange')
099.727  000.061  000.061: require('nvim-treesitter.caching')
099.745  000.443  000.123: require('nvim-treesitter.query')
099.768  000.600  000.157: require('nvim-treesitter.configs')
099.774  000.704  000.104: require('nvim-treesitter.info')
099.891  000.113  000.113: require('nvim-treesitter.shell_command_selectors')
099.927  002.223  000.176: require('nvim-treesitter.install')
099.998  000.067  000.067: require('nvim-treesitter.statusline')
100.093  000.090  000.090: require('nvim-treesitter.query_predicates')
100.099  003.104  000.726: require('nvim-treesitter')
100.725  003.800  000.695: sourcing /home/mitzsou/.local/share/nvim/lazy/nvim-treesitter/plugin/nvim-treesitter.lua
100.966  000.090  000.090: require('nvim-treesitter.highlight')
101.213  000.108  000.108: require('nvim-treesitter.indent')
101.826  000.064  000.064: sourcing /home/mitzsou/.local/share/nvim/lazy/nvim-web-devicons/plugin/nvim-web-devicons.vim
102.939  000.068  000.068: require('nvim-tree.notify')
102.954  000.154  000.086: require('nvim-tree.events')
103.196  000.072  000.072: require('nvim-tree.log')
103.389  000.068  000.068: require('nvim-tree.iterators.node-iterator')
103.435  000.233  000.166: require('nvim-tree.utils')
103.521  000.082  000.082: require('nvim-tree.git.utils')
104.962  001.436  001.436: require('nvim-tree.git.runner')
105.061  000.093  000.093: require('nvim-tree.watcher')
105.133  000.067  000.067: require('nvim-tree.explorer.node')
105.145  002.117  000.133: require('nvim-tree.git')
105.214  000.065  000.065: require('nvim-tree.explorer.watch')
105.368  000.066  000.066: require('nvim-tree.explorer.node-builders')
105.571  000.200  000.200: require('nvim-tree.explorer.sorters')
105.771  000.099  000.099: require('nvim-tree.marks')
105.780  000.203  000.104: require('nvim-tree.explorer.filters')
106.187  000.300  000.300: require('nvim-tree.view')
106.205  000.422  000.122: require('nvim-tree.live-filter')
106.213  000.994  000.103: require('nvim-tree.explorer.explore')
106.369  000.152  000.152: require('nvim-tree.explorer.reload')
106.386  003.427  000.098: require('nvim-tree.explorer')
106.396  003.656  000.075: require('nvim-tree.core')
106.516  000.116  000.116: require('nvim-tree.renderer.components.padding')
106.631  000.111  000.111: require('nvim-tree.renderer.components.icons')
106.786  000.150  000.150: require('nvim-tree.renderer.components.full-name')
107.200  000.122  000.122: require('nvim-tree.enum')
107.330  000.124  000.124: require('nvim-tree.renderer.decorator')
107.337  000.422  000.175: require('nvim-tree.renderer.decorator.bookmarks')
107.446  000.105  000.105: require('nvim-tree.renderer.decorator.copied')
107.550  000.099  000.099: require('nvim-tree.renderer.decorator.cut')
107.827  000.158  000.158: require('nvim-tree.diagnostics')
107.840  000.286  000.128: require('nvim-tree.renderer.decorator.diagnostics')
107.998  000.155  000.155: require('nvim-tree.renderer.decorator.git')
108.282  000.109  000.109: require('nvim-tree.buffers')
108.289  000.253  000.145: require('nvim-tree.renderer.decorator.modified')
108.392  000.100  000.100: require('nvim-tree.renderer.decorator.opened')
108.416  001.625  000.205: require('nvim-tree.renderer.builder')
108.427  005.767  000.108: require('nvim-tree.renderer')
108.446  005.884  000.117: require('nvim-tree.lib')
108.712  000.262  000.262: require('nvim-tree.appearance')
109.383  000.111  000.111: require('nvim-tree.actions.finders.find-file')
109.498  000.109  000.109: require('nvim-tree.actions.finders.search-node')
109.502  000.320  000.100: require('nvim-tree.actions.finders')
109.881  000.147  000.147: require('nvim-tree.actions.reloaders')
109.895  000.298  000.151: require('nvim-tree.actions.fs.copy-paste')
110.028  000.129  000.129: require('nvim-tree.actions.fs.create-file')
110.166  000.133  000.133: require('nvim-tree.actions.fs.remove-file')
110.280  000.109  000.109: require('nvim-tree.actions.fs.rename-file')
110.639  000.355  000.355: require('nvim-tree.actions.fs.trash')
110.647  001.141  000.117: require('nvim-tree.actions.fs')
110.883  000.124  000.124: require('nvim-tree.actions.moves.item')
110.980  000.093  000.093: require('nvim-tree.actions.moves.parent')
111.103  000.119  000.119: require('nvim-tree.actions.moves.sibling')
111.108  000.457  000.122: require('nvim-tree.actions.moves')
111.357  000.115  000.115: require('nvim-tree.actions.node.file-popup')
111.547  000.185  000.185: require('nvim-tree.actions.node.open-file')
111.661  000.109  000.109: require('nvim-tree.actions.node.run-command')
111.796  000.131  000.131: require('nvim-tree.actions.node.system-open')
111.805  000.694  000.154: require('nvim-tree.actions.node')
112.024  000.129  000.129: require('nvim-tree.actions.root.change-dir')
112.109  000.080  000.080: require('nvim-tree.actions.root.dir-up')
112.114  000.305  000.096: require('nvim-tree.actions.root')
112.299  000.094  000.094: require('nvim-tree.actions.tree.find-file')
112.481  000.089  000.089: require('nvim-tree.actions.tree.modifiers.collapse-all')
112.579  000.093  000.093: require('nvim-tree.actions.tree.modifiers.expand-all')
112.673  000.089  000.089: require('nvim-tree.actions.tree.modifiers.toggles')
112.678  000.375  000.103: require('nvim-tree.actions.tree.modifiers')
112.790  000.109  000.109: require('nvim-tree.actions.tree.open')
112.912  000.117  000.117: require('nvim-tree.actions.tree.toggle')
112.918  000.800  000.104: require('nvim-tree.actions.tree')
112.921  003.911  000.194: require('nvim-tree.actions')
113.049  000.124  000.124: require('nvim-tree.appearance.diagnostics')
113.366  000.191  000.191: require('nvim-tree.keymap')
113.404  000.350  000.159: require('nvim-tree.help')
113.541  000.133  000.133: require('nvim-tree.marks.navigation')
113.687  000.142  000.142: require('nvim-tree.marks.bulk-delete')
113.804  000.112  000.112: require('nvim-tree.marks.bulk-trash')
113.923  000.114  000.114: require('nvim-tree.marks.bulk-move')
114.067  005.228  000.342: require('nvim-tree.api')
114.096  005.379  000.151: require('nvim-tree.commands')
114.215  000.115  000.115: require('nvim-tree.legacy')
114.333  012.438  000.798: require('nvim-tree')
116.996  001.141  001.141: require('nvim-web-devicons.icons-default')
117.238  001.696  000.555: require('nvim-web-devicons')
122.976  000.402  000.402: require('gitsigns.async')
124.102  001.118  001.118: require('gitsigns.config')
124.419  000.311  000.311: require('gitsigns.debug.log')
124.464  002.818  000.987: require('gitsigns')
125.404  000.349  000.349: sourcing /usr/share/nvim/runtime/plugin/editorconfig.lua
125.721  000.209  000.209: sourcing /usr/share/nvim/runtime/plugin/gzip.vim
125.793  000.014  000.014: sourcing /usr/share/nvim/runtime/plugin/health.vim
126.287  000.437  000.437: sourcing /usr/share/nvim/runtime/plugin/man.lua
127.094  000.254  000.254: sourcing /usr/share/nvim/runtime/pack/dist/opt/matchit/plugin/matchit.vim
127.192  000.837  000.584: sourcing /usr/share/nvim/runtime/plugin/matchit.vim
127.414  000.166  000.166: sourcing /usr/share/nvim/runtime/plugin/matchparen.vim
127.901  000.411  000.411: sourcing /usr/share/nvim/runtime/plugin/netrwPlugin.vim
128.276  000.295  000.295: sourcing /usr/share/nvim/runtime/plugin/nvim.lua
128.562  000.198  000.198: sourcing /usr/share/nvim/runtime/plugin/rplugin.vim
128.695  000.074  000.074: sourcing /usr/share/nvim/runtime/plugin/shada.vim
128.838  000.028  000.028: sourcing /usr/share/nvim/runtime/plugin/spellfile.vim
129.038  000.122  000.122: sourcing /usr/share/nvim/runtime/plugin/tarPlugin.vim
129.237  000.095  000.095: sourcing /usr/share/nvim/runtime/plugin/tohtml.vim
129.318  000.022  000.022: sourcing /usr/share/nvim/runtime/plugin/tutor.vim
129.626  000.198  000.198: sourcing /usr/share/nvim/runtime/plugin/zipPlugin.vim
131.975  000.905  000.905: require('cmp_nvim_lsp.source')
132.013  001.318  000.413: require('cmp_nvim_lsp')
132.037  001.740  000.421: sourcing /home/mitzsou/.local/share/nvim/lazy/cmp-nvim-lsp/after/plugin/cmp_nvim_lsp.lua
133.232  000.742  000.742: require('cmp_luasnip')
133.411  001.209  000.467: sourcing /home/mitzsou/.local/share/nvim/lazy/cmp_luasnip/after/plugin/cmp_luasnip.lua
133.534  129.723  037.522: require('nvarch.lazy')
133.539  129.751  000.028: sourcing /home/mitzsou/.config/nvim/init.lua
133.554  000.555: sourcing vimrc file(s)
134.381  000.208  000.208: sourcing /usr/share/nvim/runtime/filetype.lua
134.773  000.095  000.095: sourcing /usr/share/nvim/runtime/syntax/synload.vim
134.925  000.432  000.337: sourcing /usr/share/nvim/runtime/syntax/syntax.vim
134.944  000.751: inits 3
137.718  002.774: reading ShaDa
139.291  001.153  001.153: require('luasnip.loaders.from_lua')
139.677  000.376  000.376: require('luasnip.loaders.from_snipmate')
139.855  000.608: opening buffers
140.101  000.245: BufEnter autocommands
140.108  000.007: editing files in windows
141.024  000.721  000.721: require('alpha.themes.dashboard')
141.221  000.154  000.154: require('alpha')
147.544  006.561: VimEnter autocommands
148.204  000.660: UIEnter autocommands
148.211  000.007: before starting main loop
149.766  001.555: first screen update
149.772  000.006: --- NVIM STARTED ---


times in msec
 clock   self+sourced   self:  sourced script
 clock   elapsed:              other lines

000.022  000.022: --- NVIM STARTING ---
000.260  000.238: event init
000.417  000.158: early init
000.485  000.068: locale set
000.564  000.079: init first window
000.981  000.417: inits 1
000.992  000.011: window checked
000.998  000.005: parsing arguments
001.692  000.094  000.094: require('vim.shared')
001.844  000.057  000.057: require('vim._options')
001.848  000.143  000.085: require('vim._editor')
001.852  000.320  000.084: require('vim._init_packages')
001.862  000.544: init lua interpreter
002.964  001.102: expanding arguments
003.038  000.073: inits 2
003.401  000.363: init highlight


times in msec
 clock   self+sourced   self:  sourced script
 clock   elapsed:              other lines

000.018  000.018: --- NVIM STARTING ---
000.221  000.204: event init
000.337  000.116: early init
000.391  000.054: locale set
000.462  000.071: init first window
000.836  000.374: inits 1
000.854  000.018: window checked
000.858  000.004: parsing arguments
001.493  000.041  000.041: require('vim.shared')
001.650  000.076  000.076: require('vim._options')
001.654  000.156  000.079: require('vim._editor')
001.658  000.283  000.087: require('vim._init_packages')
001.665  000.524: init lua interpreter
001.749  000.085: expanding arguments
001.817  000.067: inits 2
002.148  000.331: init highlight
002.151  000.003: waiting for UI
002.941  000.791: done waiting for UI
002.980  000.039: clear screen
003.165  000.185: init default mappings & autocommands
003.644  000.074  000.074: sourcing /usr/share/nvim/runtime/ftplugin.vim
003.722  000.032  000.032: sourcing /usr/share/nvim/runtime/indent.vim
003.796  000.014  000.014: sourcing /usr/share/nvim/archlinux.vim
003.802  000.050  000.035: sourcing /etc/xdg/nvim/sysinit.vim
004.974  000.520  000.520: require('lazy')
005.026  000.031  000.031: require('ffi')
005.097  000.064  000.064: require('vim.loader')
005.187  000.041  000.041: require('vim.fs')
005.375  000.249  000.208: require('lazy.stats')
005.688  000.281  000.281: require('lazy.core.util')
005.934  000.240  000.240: require('lazy.core.config')
006.125  000.072  000.072: require('lazy.core.handler')
006.288  000.159  000.159: require('lazy.core.plugin')
006.302  000.363  000.132: require('lazy.core.loader')
006.911  000.147  000.147: require('nvarch.modules.navigation')
007.140  000.099  000.099: require('nvarch.modules.cosmetics.dashboard')
007.397  000.223  000.223: require('nvarch.modules.cosmetics.lualine')
007.489  000.072  000.072: require('nvarch.modules.cosmetics.theme')
007.706  000.069  000.069: require('nvarch.utility.debug')
007.816  000.073  000.073: require('nvarch.utility.git')
008.005  000.159  000.159: require('nvarch.utility.lsp')
008.926  000.208  000.208: require('nvarch.utility.none-ls')
009.434  000.207  000.207: require('nvarch.utility.lang.markdown')
010.226  000.356  000.356: require('lazy.core.handler.keys')
010.414  000.168  000.168: require('lazy.core.handler.event')
010.514  000.094  000.094: require('lazy.core.handler.cmd')
010.652  000.132  000.132: require('lazy.core.handler.ft')
010.812  000.057  000.057: require('vim.inspect')
011.326  000.329  000.329: sourcing /usr/share/nvim/runtime/filetype.lua
013.240  000.890  000.890: require('gruvbox')
013.376  000.128  000.128: require('vim.version')
016.776  004.485  003.467: sourcing /home/mitzsou/.local/share/nvim/lazy/gruvbox.nvim/colors/gruvbox.lua
017.780  000.317  000.317: sourcing /home/mitzsou/.local/share/nvim/lazy/nvim-dap/plugin/dap.lua
018.590  000.089  000.089: require('dap.utils')
018.620  000.424  000.335: require('dap')
018.826  000.069  000.069: require('dapui.async.tasks')
018.930  000.099  000.099: require('dapui.async.control')
019.159  000.224  000.224: require('dapui.async.uv')
019.226  000.061  000.061: require('dapui.async.tests')
019.472  000.196  000.196: require('vim.ui')
019.480  000.250  000.054: require('dapui.async.ui')
019.542  000.058  000.058: require('dapui.async.lsp')
019.560  000.860  000.098: require('dapui.async')
019.985  000.098  000.098: require('dapui.config.highlights')
020.121  000.496  000.397: require('dapui.config')
020.134  000.571  000.075: require('dapui.util')
020.247  000.108  000.108: require('dapui.windows.layout')
020.254  001.629  000.090: require('dapui.windows')
020.390  000.132  000.132: require('dapui.controls')
020.402  002.575  000.391: require('dapui')
020.918  000.152  000.152: require('dapui.logging')
021.060  000.135  000.135: require('dapui.client.types')
021.078  000.459  000.172: require('dapui.client')
021.161  000.080  000.080: require('dap.breakpoints')
021.243  000.067  000.067: require('dapui.client.lib')
021.505  000.128  000.128: require('dapui.render.canvas')
021.511  000.256  000.128: require('dapui.elements.breakpoints')
021.670  000.095  000.095: require('dapui.components.breakpoints')
021.798  000.085  000.085: require('dapui.elements.repl')
021.869  000.064  000.064: require('dapui.elements.scopes')
021.959  000.071  000.071: require('dapui.components.scopes')
022.050  000.086  000.086: require('dapui.components.variables')
022.167  000.082  000.082: require('dapui.elements.stacks')
022.350  000.080  000.080: require('dapui.components.frames')
022.356  000.168  000.088: require('dapui.components.threads')
022.489  000.095  000.095: require('dapui.elements.watches')
022.601  000.088  000.088: require('dapui.components.watches')
022.717  000.077  000.077: require('dapui.elements.hover')
022.834  000.096  000.096: require('dapui.components.hover')
022.931  000.083  000.083: require('dapui.elements.console')
023.380  000.122  000.122: require('dap-go-ts')
023.389  000.260  000.138: require('dap-go')
023.496  000.015  000.015: require('vim.keymap')
024.031  000.081  000.081: sourcing /home/mitzsou/.local/share/nvim/lazy/nvim-web-devicons/plugin/nvim-web-devicons.vim
025.711  000.062  000.062: require('nvim-tree.notify')
025.720  000.133  000.072: require('nvim-tree.events')
025.966  000.059  000.059: require('nvim-tree.log')
026.140  000.086  000.086: require('nvim-tree.iterators.node-iterator')
026.189  000.218  000.132: require('nvim-tree.utils')
026.264  000.071  000.071: require('nvim-tree.git.utils')
026.337  000.070  000.070: require('nvim-tree.git.runner')
026.423  000.081  000.081: require('nvim-tree.watcher')
026.491  000.063  000.063: require('nvim-tree.explorer.node')
026.499  000.710  000.148: require('nvim-tree.git')
026.562  000.060  000.060: require('nvim-tree.explorer.watch')
026.670  000.053  000.053: require('nvim-tree.explorer.node-builders')
026.735  000.061  000.061: require('nvim-tree.explorer.sorters')
026.885  000.088  000.088: require('nvim-tree.marks')
026.892  000.153  000.064: require('nvim-tree.explorer.filters')
027.045  000.087  000.087: require('nvim-tree.view')
027.053  000.157  000.070: require('nvim-tree.live-filter')
027.058  000.492  000.068: require('nvim-tree.explorer.explore')
027.134  000.073  000.073: require('nvim-tree.explorer.reload')
027.140  001.416  000.082: require('nvim-tree.explorer')
027.146  001.609  000.060: require('nvim-tree.core')
027.204  000.055  000.055: require('nvim-tree.renderer.components.padding')
027.286  000.077  000.077: require('nvim-tree.renderer.components.icons')
027.389  000.082  000.082: require('nvim-tree.renderer.components.full-name')
027.554  000.043  000.043: require('nvim-tree.enum')
027.623  000.064  000.064: require('nvim-tree.renderer.decorator')
027.629  000.168  000.062: require('nvim-tree.renderer.decorator.bookmarks')
027.681  000.049  000.049: require('nvim-tree.renderer.decorator.copied')
027.730  000.046  000.046: require('nvim-tree.renderer.decorator.cut')
027.838  000.056  000.056: require('nvim-tree.diagnostics')
027.983  000.009  000.009: require('vim.F')
028.057  000.214  000.204: require('vim.diagnostic')
028.065  000.332  000.062: require('nvim-tree.renderer.decorator.diagnostics')
028.177  000.108  000.108: require('nvim-tree.renderer.decorator.git')
028.301  000.060  000.060: require('nvim-tree.buffers')
028.306  000.125  000.065: require('nvim-tree.renderer.decorator.modified')
028.368  000.059  000.059: require('nvim-tree.renderer.decorator.opened')
028.517  001.124  000.238: require('nvim-tree.renderer.builder')
028.526  003.056  000.109: require('nvim-tree.renderer')
028.535  003.529  000.473: require('nvim-tree.lib')
028.700  000.162  000.162: require('nvim-tree.appearance')
029.207  000.089  000.089: require('nvim-tree.actions.finders.find-file')
029.320  000.108  000.108: require('nvim-tree.actions.finders.search-node')
029.325  000.283  000.086: require('nvim-tree.actions.finders')
029.633  000.114  000.114: require('nvim-tree.actions.reloaders')
029.647  000.244  000.130: require('nvim-tree.actions.fs.copy-paste')
029.743  000.092  000.092: require('nvim-tree.actions.fs.create-file')
029.910  000.143  000.143: require('nvim-tree.actions.fs.remove-file')
030.015  000.099  000.099: require('nvim-tree.actions.fs.rename-file')
030.128  000.109  000.109: require('nvim-tree.actions.fs.trash')
030.134  000.805  000.118: require('nvim-tree.actions.fs')
030.310  000.097  000.097: require('nvim-tree.actions.moves.item')
030.387  000.072  000.072: require('nvim-tree.actions.moves.parent')
030.464  000.073  000.073: require('nvim-tree.actions.moves.sibling')
030.469  000.331  000.088: require('nvim-tree.actions.moves')
030.679  000.121  000.121: require('nvim-tree.actions.node.file-popup')
030.844  000.158  000.158: require('nvim-tree.actions.node.open-file')
030.937  000.089  000.089: require('nvim-tree.actions.node.run-command')
031.031  000.089  000.089: require('nvim-tree.actions.node.system-open')
031.038  000.566  000.108: require('nvim-tree.actions.node')
031.248  000.126  000.126: require('nvim-tree.actions.root.change-dir')
031.331  000.077  000.077: require('nvim-tree.actions.root.dir-up')
031.336  000.293  000.090: require('nvim-tree.actions.root')
031.543  000.122  000.122: require('nvim-tree.actions.tree.find-file')
031.886  000.158  000.158: require('nvim-tree.actions.tree.modifiers.collapse-all')
032.103  000.212  000.212: require('nvim-tree.actions.tree.modifiers.expand-all')
032.311  000.203  000.203: require('nvim-tree.actions.tree.modifiers.toggles')
032.316  000.769  000.196: require('nvim-tree.actions.tree.modifiers')
032.491  000.171  000.171: require('nvim-tree.actions.tree.open')
032.586  000.091  000.091: require('nvim-tree.actions.tree.toggle')
032.591  001.252  000.099: require('nvim-tree.actions.tree')
032.595  003.663  000.132: require('nvim-tree.actions')
032.730  000.132  000.132: require('nvim-tree.appearance.diagnostics')
032.874  000.070  000.070: require('nvim-tree.keymap')
032.884  000.150  000.080: require('nvim-tree.help')
032.947  000.058  000.058: require('nvim-tree.marks.navigation')
033.007  000.056  000.056: require('nvim-tree.marks.bulk-delete')
033.067  000.056  000.056: require('nvim-tree.marks.bulk-trash')
033.137  000.066  000.066: require('nvim-tree.marks.bulk-move')
033.197  004.379  000.198: require('nvim-tree.api')
033.209  004.504  000.125: require('nvim-tree.commands')
033.278  000.066  000.066: require('nvim-tree.legacy')
033.321  009.202  000.941: require('nvim-tree')
034.858  000.327  000.327: require('nvim-web-devicons.icons-default')
035.012  000.630  000.303: require('nvim-web-devicons')
039.684  000.088  000.088: require('mason-core.path')
040.222  000.458  000.458: require('mason-core.functional')
040.349  000.046  000.046: require('mason-core.functional.data')
040.357  000.116  000.070: require('mason-core.functional.function')
040.433  000.056  000.056: require('mason-core.functional.relation')
040.493  000.050  000.050: require('mason-core.functional.logic')
040.510  000.819  000.139: require('mason-core.platform')
040.578  000.064  000.064: require('mason.settings')
040.583  001.427  000.456: require('mason')
040.804  000.070  000.070: require('mason-core.functional.list')
040.863  000.052  000.052: require('mason-core.functional.string')
040.891  000.288  000.166: require('mason.api.command')
040.966  000.062  000.062: require('mason-registry.sources')
040.985  002.829  001.053: require('mason-core.functional')
041.069  000.080  000.080: require('mason-core.log')
041.121  000.048  000.048: require('mason-lspconfig.settings')
041.144  003.336  000.378: require('mason-lspconfig')
041.346  000.057  000.057: require('mason-lspconfig.notify')
041.354  000.151  000.093: require('mason-lspconfig.lspconfig_hook')
042.731  000.298  000.298: require('vim.lsp.log')
043.488  000.750  000.750: require('vim.lsp.protocol')
044.606  000.735  000.735: require('vim.lsp._snippet')
044.766  000.154  000.154: require('vim.highlight')
044.825  001.330  000.441: require('vim.lsp.util')
044.882  002.755  000.376: require('vim.lsp.handlers')
045.227  000.341  000.341: require('vim.lsp.rpc')
045.385  000.152  000.152: require('vim.lsp.sync')
045.758  000.369  000.369: require('vim.lsp.semantic_tokens')
046.081  000.245  000.245: require('vim.lsp.buf')
046.304  000.218  000.218: require('vim.lsp.diagnostic')
046.509  000.199  000.199: require('vim.lsp.codelens')
046.667  004.865  000.586: require('vim.lsp')
046.799  005.096  000.231: sourcing /home/mitzsou/.local/share/nvim/lazy/nvim-lspconfig/plugin/lspconfig.lua
049.354  001.542  001.542: require('lspconfig.util')
049.724  000.355  000.355: require('lspconfig.async')
049.747  002.175  000.278: require('lspconfig.configs')
049.752  002.851  000.676: require('lspconfig')
050.148  000.374  000.374: require('lspconfig.server_configurations.lua_ls')
052.118  001.338  001.338: require('lspconfig.manager')
052.262  010.904  001.245: require('lspconfig.util')
053.923  000.889  000.889: require('mason-core.functional.table')
054.045  001.777  000.888: require('mason-lspconfig.mappings.server')
054.226  000.065  000.065: require('mason-core.EventEmitter')
054.296  000.065  000.065: require('mason-core.optional')
054.464  000.087  000.087: require('mason-core.async')
054.563  000.093  000.093: require('mason-core.async.uv')
054.576  000.276  000.095: require('mason-core.fs')
054.626  000.575  000.169: require('mason-registry')
054.696  000.064  000.064: require('mason-lspconfig.server_config_extensions')
054.779  000.078  000.078: require('lspconfig.server_configurations.omnisharp')
054.885  000.065  000.065: require('mason-lspconfig.ensure_installed')
055.097  000.075  000.075: require('mason-core.result')
055.390  000.129  000.129: require('mason-core.process')
055.600  000.204  000.204: require('mason-core.spawn')
055.608  000.433  000.099: require('mason-core.managers.powershell')
055.678  000.065  000.065: require('mason.version')
055.684  000.581  000.083: require('mason-core.fetch')
055.753  000.065  000.065: require('mason-core.providers')
056.097  000.166  000.166: require('mason-core.purl')
056.117  000.305  000.139: require('mason-core.package')
056.389  000.088  000.088: require('mason-core.installer.registry.expr')
056.404  000.193  000.105: require('mason-core.installer.registry.link')
056.897  000.131  000.131: require('mason-core.receipt')
056.930  000.251  000.119: require('mason-core.installer.context')
057.008  000.073  000.073: require('mason-core.async.control')
057.082  000.069  000.069: require('mason-core.installer.linker')
057.091  000.498  000.105: require('mason-core.installer')
057.114  000.614  000.116: require('mason-core.installer.managers.std')
057.119  000.710  000.097: require('mason-core.installer.registry.schemas')
057.186  000.064  000.064: require('mason-core.installer.registry.util')
057.200  001.079  000.111: require('mason-core.installer.registry')
057.206  001.449  000.066: require('mason-registry.sources.util')
057.220  002.287  000.117: require('mason-registry.sources.github')
063.528  000.058  000.058: require('mason-core.functional.number')
063.565  000.193  000.135: require('mason-lspconfig.api.command')
066.050  001.244  001.244: require('vim.filetype')
066.952  000.062  000.062: require('luasnip.util.types')
066.960  000.149  000.086: require('luasnip.util.ext_opts')
067.240  000.067  000.067: require('luasnip.util.lazy_table')
067.335  000.090  000.090: require('luasnip.extras.filetype_functions')
067.361  000.321  000.165: require('luasnip.default_config')
067.370  000.405  000.084: require('luasnip.session')
067.375  001.004  000.450: require('luasnip.config')
067.728  000.153  000.153: require('luasnip.util.util')
067.922  000.069  000.069: require('luasnip.nodes.key_indexer')
067.935  000.202  000.133: require('luasnip.nodes.util')
068.157  000.099  000.099: require('luasnip.session.snippet_collection.source')
068.210  000.049  000.049: require('luasnip.util.table')
068.274  000.059  000.059: require('luasnip.util.auto_table')
068.287  000.348  000.142: require('luasnip.session.snippet_collection')
068.533  000.075  000.075: require('luasnip.util.select')
068.592  000.054  000.054: require('luasnip.util.time')
069.064  000.703  000.573: require('luasnip.util._builtin_vars')
069.291  001.000  000.297: require('luasnip.util.environ')
069.535  000.083  000.083: require('luasnip.util.extend_decorator')
069.762  000.127  000.127: require('luasnip.util.path')
069.965  000.110  000.110: require('luasnip.util.log')
069.979  000.211  000.102: require('luasnip.loaders.util')
070.049  000.066  000.066: require('luasnip.loaders.data')
070.216  000.163  000.163: require('luasnip.loaders.fs_watchers')
070.228  000.688  000.121: require('luasnip.loaders')
070.262  002.876  000.402: require('luasnip')
070.290  005.560  000.436: sourcing /home/mitzsou/.local/share/nvim/lazy/LuaSnip/plugin/luasnip.lua
070.388  000.043  000.043: sourcing /home/mitzsou/.local/share/nvim/lazy/LuaSnip/plugin/luasnip.vim
071.259  000.130  000.130: require('null-ls.utils')
071.321  000.283  000.153: require('null-ls.config')
071.533  000.098  000.098: require('null-ls.helpers.cache')
071.658  000.120  000.120: require('null-ls.helpers.diagnostics')
071.733  000.071  000.071: require('null-ls.helpers.formatter_factory')
072.007  000.141  000.141: require('null-ls.logger')
072.200  000.187  000.187: require('null-ls.state')
072.208  000.471  000.142: require('null-ls.helpers.generator_factory')
072.436  000.113  000.113: require('null-ls.helpers.command_resolver')
072.441  000.230  000.116: require('null-ls.helpers.make_builtin')
072.538  000.093  000.093: require('null-ls.helpers.range_formatting_args_factory')
072.542  001.216  000.134: require('null-ls.helpers')
073.131  000.242  000.242: require('null-ls.methods')
073.150  000.447  000.206: require('null-ls.diagnostics')
073.170  000.625  000.177: require('null-ls.sources')
073.300  000.123  000.123: require('null-ls.builtins')
073.309  002.816  000.569: require('null-ls')
073.470  000.155  000.155: require('null-ls.builtins.formatting.stylua')
073.687  000.211  000.211: require('null-ls.builtins.formatting.prettier')
073.903  000.209  000.209: require('null-ls.builtins.diagnostics.erb_lint')
074.269  000.246  000.246: require('null-ls.builtins.diagnostics.eslint')
074.411  000.502  000.255: require('null-ls.builtins.diagnostics.eslint_d')
074.594  000.176  000.176: require('null-ls.builtins.diagnostics.rubocop')
074.837  000.235  000.235: require('null-ls.builtins.formatting.rubocop')
075.701  000.214  000.214: require('null-ls.client')
076.711  000.566  000.566: require('cmp.utils.api')
076.936  000.109  000.109: require('cmp.types.cmp')
077.224  000.165  000.165: require('cmp.utils.misc')
077.263  000.321  000.157: require('cmp.types.lsp')
077.384  000.118  000.118: require('cmp.types.vim')
077.390  000.672  000.124: require('cmp.types')
077.525  000.131  000.131: require('cmp.utils.highlight')
077.742  000.100  000.100: require('cmp.utils.debug')
077.752  000.222  000.123: require('cmp.utils.autocmd')
078.247  002.228  000.637: sourcing /home/mitzsou/.local/share/nvim/lazy/nvim-cmp/plugin/cmp.lua
079.121  000.195  000.195: require('cmp.utils.char')
079.140  000.407  000.212: require('cmp.utils.str')
079.552  000.140  000.140: require('cmp.utils.buffer')
079.565  000.311  000.171: require('cmp.utils.keymap')
079.578  000.434  000.123: require('cmp.utils.feedkeys')
080.242  000.369  000.369: require('cmp.config.mapping')
080.339  000.091  000.091: require('cmp.utils.cache')
080.680  000.219  000.219: require('cmp.config.compare')
080.688  000.342  000.123: require('cmp.config.default')
080.732  001.008  000.205: require('cmp.config')
080.759  001.177  000.170: require('cmp.utils.async')
080.980  000.093  000.093: require('cmp.utils.pattern')
080.989  000.226  000.133: require('cmp.context')
081.779  000.395  000.395: require('cmp.matcher')
081.852  000.717  000.323: require('cmp.entry')
081.906  000.914  000.197: require('cmp.source')
082.730  000.482  000.482: require('cmp.utils.event')
084.443  000.967  000.967: require('cmp.utils.options')
084.477  001.499  000.533: require('cmp.utils.window')
084.483  001.748  000.249: require('cmp.view.docs_view')
085.389  000.902  000.902: require('cmp.view.custom_entries_view')
086.234  000.841  000.841: require('cmp.view.wildmenu_entries_view')
086.602  000.364  000.364: require('cmp.view.native_entries_view')
086.729  000.096  000.096: require('cmp.view.ghost_text_view')
086.752  004.843  000.410: require('cmp.view')
087.476  008.976  000.975: require('cmp.core')
087.713  000.081  000.081: require('cmp.config.sources')
087.787  000.068  000.068: require('cmp.config.window')
087.860  009.533  000.407: require('cmp')
088.023  000.059  000.059: require('luasnip.session.enqueueable_operations')
088.225  000.194  000.194: require('luasnip.util.jsonc')
088.723  000.081  000.081: require('luasnip.util.events')
088.741  000.214  000.133: require('luasnip.nodes.node')
088.917  000.171  000.171: require('luasnip.nodes.insertNode')
089.052  000.130  000.130: require('luasnip.nodes.textNode')
089.134  000.076  000.076: require('luasnip.util.mark')
089.200  000.062  000.062: require('luasnip.util.pattern_tokenizer')
089.258  000.053  000.053: require('luasnip.util.dict')
089.907  000.574  000.574: require('luasnip.util.jsregexp')
089.917  000.654  000.080: require('luasnip.nodes.util.trig_engines')
089.965  001.608  000.247: require('luasnip.nodes.snippet')
089.973  001.670  000.062: require('luasnip.nodes.duplicate')
089.978  001.746  000.076: require('luasnip.loaders.snippet_cache')
089.991  002.126  000.127: require('luasnip.loaders.from_vscode')
094.344  000.061  000.061: require('luasnip.util.parser.neovim_ast')
094.412  000.061  000.061: require('luasnip.util.str')
094.954  000.536  000.536: require('luasnip.util.jsregexp')
095.069  000.108  000.108: require('luasnip.util.directed_graph')
095.078  000.865  000.100: require('luasnip.util.parser.ast_utils')
095.173  000.090  000.090: require('luasnip.nodes.functionNode')
095.302  000.125  000.125: require('luasnip.nodes.choiceNode')
095.445  000.138  000.138: require('luasnip.nodes.dynamicNode')
095.514  000.064  000.064: require('luasnip.util.functions')
095.526  001.382  000.099: require('luasnip.util.parser.ast_parser')
095.641  000.111  000.111: require('luasnip.util.parser.neovim_parser')
095.651  001.586  000.093: require('luasnip.util.parser')
095.658  001.702  000.116: require('luasnip.nodes.snippetProxy')
095.724  000.061  000.061: require('luasnip.nodes.multiSnippet')
099.247  000.042  000.042: sourcing /home/mitzsou/.local/share/nvim/lazy/plenary.nvim/plugin/plenary.vim
099.868  000.530  000.530: sourcing /home/mitzsou/.local/share/nvim/lazy/telescope.nvim/plugin/telescope.lua
100.428  000.072  000.072: require('telescope._extensions')
100.435  000.530  000.458: require('telescope')
100.505  000.065  000.065: require('telescope.themes')
100.980  000.062  000.062: require('plenary.bit')
101.043  000.057  000.057: require('plenary.functional')
101.098  000.306  000.187: require('plenary.path')
101.121  000.401  000.095: require('plenary.strings')
101.180  000.055  000.055: require('telescope.deprecated')
101.492  000.179  000.179: require('plenary.log')
101.624  000.360  000.181: require('telescope.log')
101.840  000.097  000.097: require('plenary.job')
101.908  000.064  000.064: require('telescope.state')
101.923  000.294  000.134: require('telescope.utils')
101.937  000.754  000.100: require('telescope.sorters')
105.003  004.483  003.273: require('telescope.config')
106.654  000.186  000.186: require('telescope.builtin')
108.737  000.611  000.611: require('telescope._extensions.ui-select')
110.987  001.652  001.652: require('plenary.tbl')
110.997  001.724  000.072: require('plenary.vararg.rotate')
111.001  001.789  000.065: require('plenary.vararg')
111.067  000.062  000.062: require('plenary.errors')
111.075  001.936  000.085: require('plenary.async.async')
111.350  000.060  000.060: require('plenary.async.structs')
111.361  000.140  000.080: require('plenary.async.control')
111.373  000.225  000.085: require('plenary.async.util')
111.377  000.297  000.071: require('plenary.async.tests')
111.381  002.321  000.089: require('plenary.async')
111.588  000.093  000.093: require('plenary.window.border')
111.657  000.065  000.065: require('plenary.window')
111.716  000.055  000.055: require('plenary.popup.utils')
111.722  000.337  000.123: require('plenary.popup')
112.326  000.268  000.268: require('telescope.pickers.scroller')
112.456  000.124  000.124: require('telescope.actions.state')
112.594  000.134  000.134: require('telescope.actions.utils')
112.934  000.179  000.179: require('telescope.actions.mt')
113.000  000.402  000.223: require('telescope.actions.set')
113.355  000.171  000.171: require('telescope.config.resolve')
113.363  000.359  000.188: require('telescope.pickers.entry_display')
113.454  000.088  000.088: require('telescope.from_entry')
114.288  002.530  001.156: require('telescope.actions')
114.495  000.201  000.201: require('telescope.debounce')
114.773  000.272  000.272: require('telescope.mappings')
114.929  000.151  000.151: require('telescope.pickers.highlights')
115.054  000.120  000.120: require('telescope.pickers.window')
115.180  000.122  000.122: require('telescope.pickers.layout')
115.479  000.164  000.164: require('telescope.algos.linked_list')
115.493  000.308  000.144: require('telescope.entry_manager')
115.610  000.113  000.113: require('telescope.pickers.multi')
115.666  006.921  000.447: require('telescope.pickers')
116.265  000.463  000.463: require('telescope.make_entry')
116.507  000.237  000.237: require('telescope.finders.async_static_finder')
116.911  000.135  000.135: require('plenary.class')
116.940  000.312  000.177: require('telescope._')
116.944  000.433  000.120: require('telescope.finders.async_oneshot_finder')
117.068  000.119  000.119: require('telescope.finders.async_job_finder')
117.091  001.421  000.169: require('telescope.finders')
117.136  010.443  001.490: require('telescope._extensions.ui-select')
118.527  001.152  001.152: sourcing /home/mitzsou/.local/share/nvim/lazy/vim-fugitive/plugin/fugitive.vim
118.643  000.015  000.015: sourcing /home/mitzsou/.local/share/nvim/lazy/vim-fugitive/ftdetect/fugitive.vim
120.040  000.206  000.206: require('lualine_require')
120.549  001.401  001.196: require('lualine')
122.951  000.128  000.128: require('lualine.utils.mode')
127.881  000.170  000.170: require('gitsigns.async')
128.311  000.422  000.422: require('gitsigns.config')
128.451  000.135  000.135: require('gitsigns.debug.log')
128.468  001.452  000.726: require('gitsigns')
130.036  000.261  000.261: require('nvim-treesitter.utils')
135.439  001.783  001.783: require('vim.treesitter.language')
135.567  003.170  001.387: require('vim.treesitter.query')
136.177  000.606  000.606: require('vim.treesitter._range')
136.287  004.931  001.155: require('vim.treesitter.languagetree')
136.357  005.779  000.849: require('vim.treesitter')
139.123  009.080  003.300: require('nvim-treesitter.parsers')
139.471  000.057  000.057: require('nvim-treesitter.compat')
139.620  000.082  000.082: require('nvim-treesitter.ts_utils')
139.630  000.153  000.072: require('nvim-treesitter.tsrange')
139.689  000.055  000.055: require('nvim-treesitter.caching')
139.704  000.365  000.100: require('nvim-treesitter.query')
139.728  000.487  000.122: require('nvim-treesitter.configs')
139.734  000.602  000.115: require('nvim-treesitter.info')
139.826  000.088  000.088: require('nvim-treesitter.shell_command_selectors')
139.864  010.350  000.318: require('nvim-treesitter.install')
139.928  000.059  000.059: require('nvim-treesitter.statusline')
140.003  000.070  000.070: require('nvim-treesitter.query_predicates')
140.008  011.100  000.621: require('nvim-treesitter')
140.434  011.625  000.525: sourcing /home/mitzsou/.local/share/nvim/lazy/nvim-treesitter/plugin/nvim-treesitter.lua
140.664  000.108  000.108: require('nvim-treesitter.indent')
140.787  000.064  000.064: require('nvim-treesitter.highlight')
141.139  000.070  000.070: sourcing /usr/share/nvim/runtime/plugin/editorconfig.lua
141.376  000.192  000.192: sourcing /usr/share/nvim/runtime/plugin/gzip.vim
141.442  000.017  000.017: sourcing /usr/share/nvim/runtime/plugin/health.vim
141.629  000.145  000.145: sourcing /usr/share/nvim/runtime/plugin/man.lua
142.394  000.203  000.203: sourcing /usr/share/nvim/runtime/pack/dist/opt/matchit/plugin/matchit.vim
142.503  000.816  000.613: sourcing /usr/share/nvim/runtime/plugin/matchit.vim
142.748  000.163  000.163: sourcing /usr/share/nvim/runtime/plugin/matchparen.vim
143.177  000.384  000.384: sourcing /usr/share/nvim/runtime/plugin/netrwPlugin.vim
143.341  000.072  000.072: sourcing /usr/share/nvim/runtime/plugin/nvim.lua
143.584  000.189  000.189: sourcing /usr/share/nvim/runtime/plugin/rplugin.vim
143.713  000.069  000.069: sourcing /usr/share/nvim/runtime/plugin/shada.vim
143.801  000.028  000.028: sourcing /usr/share/nvim/runtime/plugin/spellfile.vim
143.998  000.147  000.147: sourcing /usr/share/nvim/runtime/plugin/tarPlugin.vim
144.171  000.101  000.101: sourcing /usr/share/nvim/runtime/plugin/tohtml.vim
144.240  000.020  000.020: sourcing /usr/share/nvim/runtime/plugin/tutor.vim
144.458  000.170  000.170: sourcing /usr/share/nvim/runtime/plugin/zipPlugin.vim
144.944  000.086  000.086: require('cmp_luasnip')
145.052  000.258  000.171: sourcing /home/mitzsou/.local/share/nvim/lazy/cmp_luasnip/after/plugin/cmp_luasnip.lua
145.394  000.065  000.065: require('cmp_nvim_lsp.source')
145.402  000.148  000.083: require('cmp_nvim_lsp')
145.422  000.276  000.128: sourcing /home/mitzsou/.local/share/nvim/lazy/cmp-nvim-lsp/after/plugin/cmp_nvim_lsp.lua
145.528  141.671  037.471: require('nvarch.lazy')
145.533  141.698  000.028: sourcing /home/mitzsou/.config/nvim/init.lua
145.545  000.525: sourcing vimrc file(s)
146.215  000.091  000.091: sourcing /usr/share/nvim/runtime/filetype.lua
146.594  000.096  000.096: sourcing /usr/share/nvim/runtime/syntax/synload.vim
146.745  000.434  000.338: sourcing /usr/share/nvim/runtime/syntax/syntax.vim
146.764  000.694: inits 3
149.353  002.589: reading ShaDa
149.704  000.135  000.135: require('luasnip.loaders.from_lua')
149.826  000.113  000.113: require('luasnip.loaders.from_snipmate')
149.978  000.377: opening buffers
150.134  000.156: BufEnter autocommands
150.139  000.005: editing files in windows
150.964  000.629  000.629: require('alpha.themes.dashboard')
151.233  000.150  000.150: require('alpha')
157.310  006.392: VimEnter autocommands
157.966  000.656: UIEnter autocommands
157.972  000.007: before starting main loop
159.421  001.449: first screen update
159.427  000.006: --- NVIM STARTED ---


times in msec
 clock   self+sourced   self:  sourced script
 clock   elapsed:              other lines

000.021  000.021: --- NVIM STARTING ---
000.251  000.230: event init
000.407  000.155: early init
000.488  000.082: locale set
000.581  000.093: init first window
001.003  000.421: inits 1
001.014  000.011: window checked
001.019  000.005: parsing arguments
001.723  000.052  000.052: require('vim.shared')
001.868  000.062  000.062: require('vim._options')
001.872  000.142  000.080: require('vim._editor')
001.875  000.316  000.122: require('vim._init_packages')
001.882  000.547: init lua interpreter
002.896  001.015: expanding arguments
002.971  000.075: inits 2
003.319  000.348: init highlight
